<?xml version="1.0" encoding="UTF-8"?>
<!-- Generated by org.testng.reporters.JUnitReportReporter -->
<testsuite skipped="2" hostname="OSIT-L-0489" name="scripts.ExtentReportExample" tests="3" failures="0" timestamp="20 Apr 2018 09:01:37 GMT" time="22.826" errors="0">
  <testcase name="skipTest" time="9.309" classname="scripts.ExtentReportExample">
    <skipped/>
  </testcase> <!-- skipTest -->
  <testcase name="test1" time="13.517" classname="scripts.ExtentReportExample"/>
  <testcase name="test2" classname="scripts.ExtentReportExample">
    <skipped/>
  </testcase> <!-- test2 -->
</testsuite> <!-- scripts.ExtentReportExample -->
