<?xml version="1.0" encoding="UTF-8"?>
<!-- Generated by org.testng.reporters.JUnitReportReporter -->
<testsuite skipped="0" hostname="OSIT-L-0478" name="scripts.Gmail_Login" tests="3" failures="0" timestamp="05 Apr 2017 10:55:53 GMT" time="25.126" errors="0">
  <testcase name="test2Compose" time="9.336" classname="scripts.Gmail_Login"/>
  <testcase name="test1Login" time="15.025" classname="scripts.Gmail_Login"/>
  <testcase name="test3Logout" time="0.765" classname="scripts.Gmail_Login"/>
</testsuite> <!-- scripts.Gmail_Login -->
